app/build/intermediates/manifest_merge_blame_file/debug/processDebugMainManifest/manifest-merger-blame-debug-report.txt
1<?xml version="1.0" encoding="utf-8"?>
2<manifest xmlns:android="http://schemas.android.com/apk/res/android"
3    package="com.ugd.scheduler"
4    android:versionCode="1"
5    android:versionName="1.0" >
6
7    <uses-sdk
8        android:minSdkVersion="26"
9        android:targetSdkVersion="34" />
10
11    <!-- Internet -->
12    <uses-permission android:name="android.permission.INTERNET" />
12-->src\main\AndroidManifest.xml:5:5-67
12-->src\main\AndroidManifest.xml:5:22-64
13
14    <!-- GPS / Location -->
15    <uses-permission android:name="android.permission.ACCESS_FINE_LOCATION" />
15-->src\main\AndroidManifest.xml:8:5-79
15-->src\main\AndroidManifest.xml:8:22-76
16    <uses-permission android:name="android.permission.ACCESS_COARSE_LOCATION" />
16-->src\main\AndroidManifest.xml:9:5-81
16-->src\main\AndroidManifest.xml:9:22-78
17    <uses-permission android:name="android.permission.ACCESS_BACKGROUND_LOCATION" />
17-->src\main\AndroidManifest.xml:10:5-85
17-->src\main\AndroidManifest.xml:10:22-82
18
19    <!-- Notifications -->
20    <uses-permission android:name="android.permission.POST_NOTIFICATIONS" />
20-->src\main\AndroidManifest.xml:13:5-77
20-->src\main\AndroidManifest.xml:13:22-74
21    <uses-permission android:name="android.permission.RECEIVE_BOOT_COMPLETED" />
21-->src\main\AndroidManifest.xml:14:5-81
21-->src\main\AndroidManifest.xml:14:22-78
22    <uses-permission android:name="android.permission.FOREGROUND_SERVICE" />
22-->src\main\AndroidManifest.xml:15:5-77
22-->src\main\AndroidManifest.xml:15:22-74
23    <uses-permission android:name="android.permission.FOREGROUND_SERVICE_LOCATION" />
23-->src\main\AndroidManifest.xml:16:5-86
23-->src\main\AndroidManifest.xml:16:22-83
24
25    <!-- Vibration for notifications -->
26    <uses-permission android:name="android.permission.VIBRATE" />
26-->src\main\AndroidManifest.xml:19:5-66
26-->src\main\AndroidManifest.xml:19:22-63
27
28    <!-- Include required permissions for Google Maps API to run. -->
29    <uses-permission android:name="android.permission.ACCESS_NETWORK_STATE" />
29-->[com.google.android.gms:play-services-maps:18.2.0] AndroidManifest.xml:23:5-79
29-->[com.google.android.gms:play-services-maps:18.2.0] AndroidManifest.xml:23:22-76
30
31    <uses-feature
31-->[com.google.android.gms:play-services-maps:18.2.0] AndroidManifest.xml:26:5-28:35
32        android:glEsVersion="0x00020000"
32-->[com.google.android.gms:play-services-maps:18.2.0] AndroidManifest.xml:27:9-41
33        android:required="true" />
33-->[com.google.android.gms:play-services-maps:18.2.0] AndroidManifest.xml:28:9-32
34
35    <queries>
35-->[com.google.android.gms:play-services-maps:18.2.0] AndroidManifest.xml:30:5-34:15
36
37        <!-- Needs to be explicitly declared on Android R+ -->
38        <package android:name="com.google.android.apps.maps" />
38-->[com.google.android.gms:play-services-maps:18.2.0] AndroidManifest.xml:33:9-64
38-->[com.google.android.gms:play-services-maps:18.2.0] AndroidManifest.xml:33:18-61
39    </queries>
40
41    <uses-permission android:name="android.permission.WAKE_LOCK" />
41-->[androidx.work:work-runtime:2.9.0] AndroidManifest.xml:23:5-68
41-->[androidx.work:work-runtime:2.9.0] AndroidManifest.xml:23:22-65
42    <uses-permission android:name="com.google.android.providers.gsf.permission.READ_GSERVICES" />
42-->[com.google.android.recaptcha:recaptcha:18.4.0] AndroidManifest.xml:9:5-98
42-->[com.google.android.recaptcha:recaptcha:18.4.0] AndroidManifest.xml:9:22-95
43
44    <permission
44-->[androidx.core:core:1.12.0] AndroidManifest.xml:22:5-24:47
45        android:name="com.ugd.scheduler.DYNAMIC_RECEIVER_NOT_EXPORTED_PERMISSION"
45-->[androidx.core:core:1.12.0] AndroidManifest.xml:23:9-81
46        android:protectionLevel="signature" />
46-->[androidx.core:core:1.12.0] AndroidManifest.xml:24:9-44
47
48    <uses-permission android:name="com.ugd.scheduler.DYNAMIC_RECEIVER_NOT_EXPORTED_PERMISSION" />
48-->[androidx.core:core:1.12.0] AndroidManifest.xml:26:5-97
48-->[androidx.core:core:1.12.0] AndroidManifest.xml:26:22-94
49
50    <application
50-->src\main\AndroidManifest.xml:21:5-91:19
51        android:name="com.ugd.scheduler.UGDSchedulerApp"
51-->src\main\AndroidManifest.xml:22:9-40
52        android:allowBackup="true"
52-->src\main\AndroidManifest.xml:23:9-35
53        android:appComponentFactory="androidx.core.app.CoreComponentFactory"
53-->[androidx.core:core:1.12.0] AndroidManifest.xml:28:18-86
54        android:debuggable="true"
55        android:extractNativeLibs="false"
56        android:icon="@mipmap/ic_launcher"
56-->src\main\AndroidManifest.xml:24:9-43
57        android:label="@string/app_name"
57-->src\main\AndroidManifest.xml:25:9-41
58        android:roundIcon="@mipmap/ic_launcher_round"
58-->src\main\AndroidManifest.xml:26:9-54
59        android:supportsRtl="true"
59-->src\main\AndroidManifest.xml:27:9-35
60        android:testOnly="true"
61        android:theme="@style/Theme.UGDScheduler" >
61-->src\main\AndroidManifest.xml:28:9-50
62
63        <!-- Splash Activity - Launcher -->
64        <activity
64-->src\main\AndroidManifest.xml:31:9-39:20
65            android:name="com.ugd.scheduler.activities.SplashActivity"
65-->src\main\AndroidManifest.xml:32:13-54
66            android:exported="true"
66-->src\main\AndroidManifest.xml:33:13-36
67            android:theme="@style/Theme.UGDScheduler.Splash" >
67-->src\main\AndroidManifest.xml:34:13-61
68            <intent-filter>
68-->src\main\AndroidManifest.xml:35:13-38:29
69                <action android:name="android.intent.action.MAIN" />
69-->src\main\AndroidManifest.xml:36:17-69
69-->src\main\AndroidManifest.xml:36:25-66
70
71                <category android:name="android.intent.category.LAUNCHER" />
71-->src\main\AndroidManifest.xml:37:17-77
71-->src\main\AndroidManifest.xml:37:27-74
72            </intent-filter>
73        </activity>
74
75        <!-- Login Activity -->
76        <activity
76-->src\main\AndroidManifest.xml:42:9-45:58
77            android:name="com.ugd.scheduler.activities.LoginActivity"
77-->src\main\AndroidManifest.xml:43:13-53
78            android:exported="false"
78-->src\main\AndroidManifest.xml:44:13-37
79            android:windowSoftInputMode="adjustResize" />
79-->src\main\AndroidManifest.xml:45:13-55
80
81        <!-- Register Activity -->
82        <activity
82-->src\main\AndroidManifest.xml:48:9-51:58
83            android:name="com.ugd.scheduler.activities.RegisterActivity"
83-->src\main\AndroidManifest.xml:49:13-56
84            android:exported="false"
84-->src\main\AndroidManifest.xml:50:13-37
85            android:windowSoftInputMode="adjustResize" />
85-->src\main\AndroidManifest.xml:51:13-55
86
87        <!-- Main Activity -->
88        <activity
88-->src\main\AndroidManifest.xml:54:9-57:55
89            android:name="com.ugd.scheduler.activities.MainActivity"
89-->src\main\AndroidManifest.xml:55:13-52
90            android:exported="false"
90-->src\main\AndroidManifest.xml:56:13-37
91            android:windowSoftInputMode="adjustPan" />
91-->src\main\AndroidManifest.xml:57:13-52
92
93        <!-- Subject Detail Activity -->
94        <activity
94-->src\main\AndroidManifest.xml:60:9-63:69
95            android:name="com.ugd.scheduler.activities.SubjectDetailActivity"
95-->src\main\AndroidManifest.xml:61:13-61
96            android:exported="false"
96-->src\main\AndroidManifest.xml:62:13-37
97            android:parentActivityName="com.ugd.scheduler.activities.MainActivity" />
97-->src\main\AndroidManifest.xml:63:13-66
98
99        <!-- Add Event Activity -->
100        <activity
100-->src\main\AndroidManifest.xml:66:9-69:58
101            android:name="com.ugd.scheduler.activities.AddEventActivity"
101-->src\main\AndroidManifest.xml:67:13-56
102            android:exported="false"
102-->src\main\AndroidManifest.xml:68:13-37
103            android:windowSoftInputMode="adjustResize" />
103-->src\main\AndroidManifest.xml:69:13-55
104
105        <!-- Geofence BroadcastReceiver -->
106        <receiver
106-->src\main\AndroidManifest.xml:72:9-75:78
107            android:name="com.ugd.scheduler.notifications.GeofenceBroadcastReceiver"
107-->src\main\AndroidManifest.xml:73:13-68
108            android:exported="false"
108-->src\main\AndroidManifest.xml:74:13-37
109            android:permission="android.permission.RECEIVE_BOOT_COMPLETED" />
109-->src\main\AndroidManifest.xml:75:13-75
110
111        <!-- Boot receiver to restart geofencing after reboot -->
112        <receiver
112-->src\main\AndroidManifest.xml:78:9-84:20
113            android:name="com.ugd.scheduler.notifications.BootReceiver"
113-->src\main\AndroidManifest.xml:79:13-55
114            android:exported="true" >
114-->src\main\AndroidManifest.xml:80:13-36
115            <intent-filter>
115-->src\main\AndroidManifest.xml:81:13-83:29
116                <action android:name="android.intent.action.BOOT_COMPLETED" />
116-->src\main\AndroidManifest.xml:82:17-79
116-->src\main\AndroidManifest.xml:82:25-76
117            </intent-filter>
118        </receiver>
119
120        <!-- Notification channel metadata -->
121        <meta-data
121-->src\main\AndroidManifest.xml:87:9-89:53
122            android:name="com.google.firebase.messaging.default_notification_channel_id"
122-->src\main\AndroidManifest.xml:88:13-89
123            android:value="ugd_scheduler_channel" />
123-->src\main\AndroidManifest.xml:89:13-50
124
125        <provider
125-->[androidx.emoji2:emoji2:1.2.0] AndroidManifest.xml:24:9-32:20
126            android:name="androidx.startup.InitializationProvider"
126-->[androidx.emoji2:emoji2:1.2.0] AndroidManifest.xml:25:13-67
127            android:authorities="com.ugd.scheduler.androidx-startup"
127-->[androidx.emoji2:emoji2:1.2.0] AndroidManifest.xml:26:13-68
128            android:exported="false" >
128-->[androidx.emoji2:emoji2:1.2.0] AndroidManifest.xml:27:13-37
129            <meta-data
129-->[androidx.emoji2:emoji2:1.2.0] AndroidManifest.xml:29:13-31:52
130                android:name="androidx.emoji2.text.EmojiCompatInitializer"
130-->[androidx.emoji2:emoji2:1.2.0] AndroidManifest.xml:30:17-75
131                android:value="androidx.startup" />
131-->[androidx.emoji2:emoji2:1.2.0] AndroidManifest.xml:31:17-49
132            <meta-data
132-->[androidx.work:work-runtime:2.9.0] AndroidManifest.xml:34:13-36:52
133                android:name="androidx.work.WorkManagerInitializer"
133-->[androidx.work:work-runtime:2.9.0] AndroidManifest.xml:35:17-68
134                android:value="androidx.startup" />
134-->[androidx.work:work-runtime:2.9.0] AndroidManifest.xml:36:17-49
135            <meta-data
135-->[androidx.lifecycle:lifecycle-process:2.7.0] AndroidManifest.xml:29:13-31:52
136                android:name="androidx.lifecycle.ProcessLifecycleInitializer"
136-->[androidx.lifecycle:lifecycle-process:2.7.0] AndroidManifest.xml:30:17-78
137                android:value="androidx.startup" />
137-->[androidx.lifecycle:lifecycle-process:2.7.0] AndroidManifest.xml:31:17-49
138            <meta-data
138-->[androidx.profileinstaller:profileinstaller:1.3.0] AndroidManifest.xml:29:13-31:52
139                android:name="androidx.profileinstaller.ProfileInstallerInitializer"
139-->[androidx.profileinstaller:profileinstaller:1.3.0] AndroidManifest.xml:30:17-85
140                android:value="androidx.startup" />
140-->[androidx.profileinstaller:profileinstaller:1.3.0] AndroidManifest.xml:31:17-49
141        </provider> <!-- Needs to be explicitly declared on P+ -->
142        <uses-library
142-->[com.google.android.gms:play-services-maps:18.2.0] AndroidManifest.xml:39:9-41:40
143            android:name="org.apache.http.legacy"
143-->[com.google.android.gms:play-services-maps:18.2.0] AndroidManifest.xml:40:13-50
144            android:required="false" />
144-->[com.google.android.gms:play-services-maps:18.2.0] AndroidManifest.xml:41:13-37
145
146        <service
146-->[com.google.firebase:firebase-storage-ktx:21.0.0] AndroidManifest.xml:9:9-15:19
147            android:name="com.google.firebase.components.ComponentDiscoveryService"
147-->[com.google.firebase:firebase-storage-ktx:21.0.0] AndroidManifest.xml:10:13-84
148            android:directBootAware="true"
148-->[com.google.firebase:firebase-common:21.0.0] AndroidManifest.xml:32:13-43
149            android:exported="false" >
149-->[com.google.firebase:firebase-storage-ktx:21.0.0] AndroidManifest.xml:11:13-37
150            <meta-data
150-->[com.google.firebase:firebase-storage-ktx:21.0.0] AndroidManifest.xml:12:13-14:85
151                android:name="com.google.firebase.components:com.google.firebase.storage.ktx.FirebaseStorageLegacyRegistrar"
151-->[com.google.firebase:firebase-storage-ktx:21.0.0] AndroidManifest.xml:13:17-125
152                android:value="com.google.firebase.components.ComponentRegistrar" />
152-->[com.google.firebase:firebase-storage-ktx:21.0.0] AndroidManifest.xml:14:17-82
153            <meta-data
153-->[com.google.firebase:firebase-storage:21.0.0] AndroidManifest.xml:30:13-32:85
154                android:name="com.google.firebase.components:com.google.firebase.storage.FirebaseStorageKtxRegistrar"
154-->[com.google.firebase:firebase-storage:21.0.0] AndroidManifest.xml:31:17-118
155                android:value="com.google.firebase.components.ComponentRegistrar" />
155-->[com.google.firebase:firebase-storage:21.0.0] AndroidManifest.xml:32:17-82
156            <meta-data
156-->[com.google.firebase:firebase-storage:21.0.0] AndroidManifest.xml:33:13-35:85
157                android:name="com.google.firebase.components:com.google.firebase.storage.StorageRegistrar"
157-->[com.google.firebase:firebase-storage:21.0.0] AndroidManifest.xml:34:17-107
158                android:value="com.google.firebase.components.ComponentRegistrar" />
158-->[com.google.firebase:firebase-storage:21.0.0] AndroidManifest.xml:35:17-82
159            <meta-data
159-->[com.google.firebase:firebase-firestore-ktx:25.0.0] AndroidManifest.xml:12:13-14:85
160                android:name="com.google.firebase.components:com.google.firebase.firestore.ktx.FirebaseFirestoreLegacyRegistrar"
160-->[com.google.firebase:firebase-firestore-ktx:25.0.0] AndroidManifest.xml:13:17-129
161                android:value="com.google.firebase.components.ComponentRegistrar" />
161-->[com.google.firebase:firebase-firestore-ktx:25.0.0] AndroidManifest.xml:14:17-82
162            <meta-data
162-->[com.google.firebase:firebase-firestore:25.0.0] AndroidManifest.xml:17:13-19:85
163                android:name="com.google.firebase.components:com.google.firebase.firestore.FirebaseFirestoreKtxRegistrar"
163-->[com.google.firebase:firebase-firestore:25.0.0] AndroidManifest.xml:18:17-122
164                android:value="com.google.firebase.components.ComponentRegistrar" />
164-->[com.google.firebase:firebase-firestore:25.0.0] AndroidManifest.xml:19:17-82
165            <meta-data
165-->[com.google.firebase:firebase-firestore:25.0.0] AndroidManifest.xml:20:13-22:85
166                android:name="com.google.firebase.components:com.google.firebase.firestore.FirestoreRegistrar"
166-->[com.google.firebase:firebase-firestore:25.0.0] AndroidManifest.xml:21:17-111
167                android:value="com.google.firebase.components.ComponentRegistrar" />
167-->[com.google.firebase:firebase-firestore:25.0.0] AndroidManifest.xml:22:17-82
168            <meta-data
168-->[com.google.firebase:firebase-auth-ktx:23.0.0] AndroidManifest.xml:11:13-13:85
169                android:name="com.google.firebase.components:com.google.firebase.auth.ktx.FirebaseAuthLegacyRegistrar"
169-->[com.google.firebase:firebase-auth-ktx:23.0.0] AndroidManifest.xml:12:17-119
170                android:value="com.google.firebase.components.ComponentRegistrar" />
170-->[com.google.firebase:firebase-auth-ktx:23.0.0] AndroidManifest.xml:13:17-82
171            <meta-data
171-->[com.google.firebase:firebase-auth:23.0.0] AndroidManifest.xml:69:13-71:85
172                android:name="com.google.firebase.components:com.google.firebase.auth.FirebaseAuthRegistrar"
172-->[com.google.firebase:firebase-auth:23.0.0] AndroidManifest.xml:70:17-109
173                android:value="com.google.firebase.components.ComponentRegistrar" />
173-->[com.google.firebase:firebase-auth:23.0.0] AndroidManifest.xml:71:17-82
174            <meta-data
174-->[com.google.firebase:firebase-appcheck:18.0.0] AndroidManifest.xml:25:13-27:85
175                android:name="com.google.firebase.components:com.google.firebase.appcheck.FirebaseAppCheckKtxRegistrar"
175-->[com.google.firebase:firebase-appcheck:18.0.0] AndroidManifest.xml:26:17-120
176                android:value="com.google.firebase.components.ComponentRegistrar" />
176-->[com.google.firebase:firebase-appcheck:18.0.0] AndroidManifest.xml:27:17-82
177            <meta-data
177-->[com.google.firebase:firebase-appcheck:18.0.0] AndroidManifest.xml:28:13-30:85
178                android:name="com.google.firebase.components:com.google.firebase.appcheck.FirebaseAppCheckRegistrar"
178-->[com.google.firebase:firebase-appcheck:18.0.0] AndroidManifest.xml:29:17-117
179                android:value="com.google.firebase.components.ComponentRegistrar" />
179-->[com.google.firebase:firebase-appcheck:18.0.0] AndroidManifest.xml:30:17-82
180            <meta-data
180-->[com.google.firebase:firebase-common-ktx:21.0.0] AndroidManifest.xml:12:13-14:85
181                android:name="com.google.firebase.components:com.google.firebase.ktx.FirebaseCommonLegacyRegistrar"
181-->[com.google.firebase:firebase-common-ktx:21.0.0] AndroidManifest.xml:13:17-116
182                android:value="com.google.firebase.components.ComponentRegistrar" />
182-->[com.google.firebase:firebase-common-ktx:21.0.0] AndroidManifest.xml:14:17-82
183            <meta-data
183-->[com.google.firebase:firebase-common:21.0.0] AndroidManifest.xml:35:13-37:85
184                android:name="com.google.firebase.components:com.google.firebase.FirebaseCommonKtxRegistrar"
184-->[com.google.firebase:firebase-common:21.0.0] AndroidManifest.xml:36:17-109
185                android:value="com.google.firebase.components.ComponentRegistrar" />
185-->[com.google.firebase:firebase-common:21.0.0] AndroidManifest.xml:37:17-82
186        </service>
187
188        <activity
188-->[com.google.firebase:firebase-auth:23.0.0] AndroidManifest.xml:29:9-46:20
189            android:name="com.google.firebase.auth.internal.GenericIdpActivity"
189-->[com.google.firebase:firebase-auth:23.0.0] AndroidManifest.xml:30:13-80
190            android:excludeFromRecents="true"
190-->[com.google.firebase:firebase-auth:23.0.0] AndroidManifest.xml:31:13-46
191            android:exported="true"
191-->[com.google.firebase:firebase-auth:23.0.0] AndroidManifest.xml:32:13-36
192            android:launchMode="singleTask"
192-->[com.google.firebase:firebase-auth:23.0.0] AndroidManifest.xml:33:13-44
193            android:theme="@android:style/Theme.Translucent.NoTitleBar" >
193-->[com.google.firebase:firebase-auth:23.0.0] AndroidManifest.xml:34:13-72
194            <intent-filter>
194-->[com.google.firebase:firebase-auth:23.0.0] AndroidManifest.xml:35:13-45:29
195                <action android:name="android.intent.action.VIEW" />
195-->[com.google.firebase:firebase-auth:23.0.0] AndroidManifest.xml:36:17-69
195-->[com.google.firebase:firebase-auth:23.0.0] AndroidManifest.xml:36:25-66
196
197                <category android:name="android.intent.category.DEFAULT" />
197-->[com.google.firebase:firebase-auth:23.0.0] AndroidManifest.xml:38:17-76
197-->[com.google.firebase:firebase-auth:23.0.0] AndroidManifest.xml:38:27-73
198                <category android:name="android.intent.category.BROWSABLE" />
198-->[com.google.firebase:firebase-auth:23.0.0] AndroidManifest.xml:39:17-78
198-->[com.google.firebase:firebase-auth:23.0.0] AndroidManifest.xml:39:27-75
199
200                <data
200-->[com.google.firebase:firebase-auth:23.0.0] AndroidManifest.xml:41:17-44:51
201                    android:host="firebase.auth"
201-->[com.google.firebase:firebase-auth:23.0.0] AndroidManifest.xml:42:21-49
202                    android:path="/"
202-->[com.google.firebase:firebase-auth:23.0.0] AndroidManifest.xml:43:21-37
203                    android:scheme="genericidp" />
203-->[com.google.firebase:firebase-auth:23.0.0] AndroidManifest.xml:44:21-48
204            </intent-filter>
205        </activity>
206        <activity
206-->[com.google.firebase:firebase-auth:23.0.0] AndroidManifest.xml:47:9-64:20
207            android:name="com.google.firebase.auth.internal.RecaptchaActivity"
207-->[com.google.firebase:firebase-auth:23.0.0] AndroidManifest.xml:48:13-79
208            android:excludeFromRecents="true"
208-->[com.google.firebase:firebase-auth:23.0.0] AndroidManifest.xml:49:13-46
209            android:exported="true"
209-->[com.google.firebase:firebase-auth:23.0.0] AndroidManifest.xml:50:13-36
210            android:launchMode="singleTask"
210-->[com.google.firebase:firebase-auth:23.0.0] AndroidManifest.xml:51:13-44
211            android:theme="@android:style/Theme.Translucent.NoTitleBar" >
211-->[com.google.firebase:firebase-auth:23.0.0] AndroidManifest.xml:52:13-72
212            <intent-filter>
212-->[com.google.firebase:firebase-auth:23.0.0] AndroidManifest.xml:53:13-63:29
213                <action android:name="android.intent.action.VIEW" />
213-->[com.google.firebase:firebase-auth:23.0.0] AndroidManifest.xml:36:17-69
213-->[com.google.firebase:firebase-auth:23.0.0] AndroidManifest.xml:36:25-66
214
215                <category android:name="android.intent.category.DEFAULT" />
215-->[com.google.firebase:firebase-auth:23.0.0] AndroidManifest.xml:38:17-76
215-->[com.google.firebase:firebase-auth:23.0.0] AndroidManifest.xml:38:27-73
216                <category android:name="android.intent.category.BROWSABLE" />
216-->[com.google.firebase:firebase-auth:23.0.0] AndroidManifest.xml:39:17-78
216-->[com.google.firebase:firebase-auth:23.0.0] AndroidManifest.xml:39:27-75
217
218                <data
218-->[com.google.firebase:firebase-auth:23.0.0] AndroidManifest.xml:41:17-44:51
219                    android:host="firebase.auth"
219-->[com.google.firebase:firebase-auth:23.0.0] AndroidManifest.xml:42:21-49
220                    android:path="/"
220-->[com.google.firebase:firebase-auth:23.0.0] AndroidManifest.xml:43:21-37
221                    android:scheme="recaptcha" />
221-->[com.google.firebase:firebase-auth:23.0.0] AndroidManifest.xml:44:21-48
222            </intent-filter>
223        </activity>
224
225        <service
225-->[androidx.credentials:credentials-play-services-auth:1.2.0-rc01] AndroidManifest.xml:24:9-32:19
226            android:name="androidx.credentials.playservices.CredentialProviderMetadataHolder"
226-->[androidx.credentials:credentials-play-services-auth:1.2.0-rc01] AndroidManifest.xml:25:13-94
227            android:enabled="true"
227-->[androidx.credentials:credentials-play-services-auth:1.2.0-rc01] AndroidManifest.xml:26:13-35
228            android:exported="false" >
228-->[androidx.credentials:credentials-play-services-auth:1.2.0-rc01] AndroidManifest.xml:27:13-37
229            <meta-data
229-->[androidx.credentials:credentials-play-services-auth:1.2.0-rc01] AndroidManifest.xml:29:13-31:104
230                android:name="androidx.credentials.CREDENTIAL_PROVIDER_KEY"
230-->[androidx.credentials:credentials-play-services-auth:1.2.0-rc01] AndroidManifest.xml:30:17-76
231                android:value="androidx.credentials.playservices.CredentialProviderPlayServicesImpl" />
231-->[androidx.credentials:credentials-play-services-auth:1.2.0-rc01] AndroidManifest.xml:31:17-101
232        </service>
233
234        <activity
234-->[androidx.credentials:credentials-play-services-auth:1.2.0-rc01] AndroidManifest.xml:34:9-41:20
235            android:name="androidx.credentials.playservices.HiddenActivity"
235-->[androidx.credentials:credentials-play-services-auth:1.2.0-rc01] AndroidManifest.xml:35:13-76
236            android:configChanges="orientation|screenSize|screenLayout|keyboardHidden"
236-->[androidx.credentials:credentials-play-services-auth:1.2.0-rc01] AndroidManifest.xml:36:13-87
237            android:enabled="true"
237-->[androidx.credentials:credentials-play-services-auth:1.2.0-rc01] AndroidManifest.xml:37:13-35
238            android:exported="false"
238-->[androidx.credentials:credentials-play-services-auth:1.2.0-rc01] AndroidManifest.xml:38:13-37
239            android:fitsSystemWindows="true"
239-->[androidx.credentials:credentials-play-services-auth:1.2.0-rc01] AndroidManifest.xml:39:13-45
240            android:theme="@style/Theme.Hidden" >
240-->[androidx.credentials:credentials-play-services-auth:1.2.0-rc01] AndroidManifest.xml:40:13-48
241        </activity>
242        <activity
242-->[com.google.android.gms:play-services-auth:20.7.0] AndroidManifest.xml:23:9-27:75
243            android:name="com.google.android.gms.auth.api.signin.internal.SignInHubActivity"
243-->[com.google.android.gms:play-services-auth:20.7.0] AndroidManifest.xml:24:13-93
244            android:excludeFromRecents="true"
244-->[com.google.android.gms:play-services-auth:20.7.0] AndroidManifest.xml:25:13-46
245            android:exported="false"
245-->[com.google.android.gms:play-services-auth:20.7.0] AndroidManifest.xml:26:13-37
246            android:theme="@android:style/Theme.Translucent.NoTitleBar" />
246-->[com.google.android.gms:play-services-auth:20.7.0] AndroidManifest.xml:27:13-72
247        <!--
248            Service handling Google Sign-In user revocation. For apps that do not integrate with
249            Google Sign-In, this service will never be started.
250        -->
251        <service
251-->[com.google.android.gms:play-services-auth:20.7.0] AndroidManifest.xml:33:9-37:51
252            android:name="com.google.android.gms.auth.api.signin.RevocationBoundService"
252-->[com.google.android.gms:play-services-auth:20.7.0] AndroidManifest.xml:34:13-89
253            android:exported="true"
253-->[com.google.android.gms:play-services-auth:20.7.0] AndroidManifest.xml:35:13-36
254            android:permission="com.google.android.gms.auth.api.signin.permission.REVOCATION_NOTIFICATION"
254-->[com.google.android.gms:play-services-auth:20.7.0] AndroidManifest.xml:36:13-107
255            android:visibleToInstantApps="true" />
255-->[com.google.android.gms:play-services-auth:20.7.0] AndroidManifest.xml:37:13-48
256
257        <activity
257-->[com.google.android.gms:play-services-base:18.3.0] AndroidManifest.xml:20:9-22:45
258            android:name="com.google.android.gms.common.api.GoogleApiActivity"
258-->[com.google.android.gms:play-services-base:18.3.0] AndroidManifest.xml:20:19-85
259            android:exported="false"
259-->[com.google.android.gms:play-services-base:18.3.0] AndroidManifest.xml:22:19-43
260            android:theme="@android:style/Theme.Translucent.NoTitleBar" />
260-->[com.google.android.gms:play-services-base:18.3.0] AndroidManifest.xml:21:19-78
261
262        <service
262-->[androidx.work:work-runtime:2.9.0] AndroidManifest.xml:39:9-45:35
263            android:name="androidx.work.impl.background.systemalarm.SystemAlarmService"
263-->[androidx.work:work-runtime:2.9.0] AndroidManifest.xml:40:13-88
264            android:directBootAware="false"
264-->[androidx.work:work-runtime:2.9.0] AndroidManifest.xml:41:13-44
265            android:enabled="@bool/enable_system_alarm_service_default"
265-->[androidx.work:work-runtime:2.9.0] AndroidManifest.xml:42:13-72
266            android:exported="false" />
266-->[androidx.work:work-runtime:2.9.0] AndroidManifest.xml:43:13-37
267        <service
267-->[androidx.work:work-runtime:2.9.0] AndroidManifest.xml:46:9-52:35
268            android:name="androidx.work.impl.background.systemjob.SystemJobService"
268-->[androidx.work:work-runtime:2.9.0] AndroidManifest.xml:47:13-84
269            android:directBootAware="false"
269-->[androidx.work:work-runtime:2.9.0] AndroidManifest.xml:48:13-44
270            android:enabled="@bool/enable_system_job_service_default"
270-->[androidx.work:work-runtime:2.9.0] AndroidManifest.xml:49:13-70
271            android:exported="true"
271-->[androidx.work:work-runtime:2.9.0] AndroidManifest.xml:50:13-36
272            android:permission="android.permission.BIND_JOB_SERVICE" />
272-->[androidx.work:work-runtime:2.9.0] AndroidManifest.xml:51:13-69
273        <service
273-->[androidx.work:work-runtime:2.9.0] AndroidManifest.xml:53:9-59:35
274            android:name="androidx.work.impl.foreground.SystemForegroundService"
274-->[androidx.work:work-runtime:2.9.0] AndroidManifest.xml:54:13-81
275            android:directBootAware="false"
275-->[androidx.work:work-runtime:2.9.0] AndroidManifest.xml:55:13-44
276            android:enabled="@bool/enable_system_foreground_service_default"
276-->[androidx.work:work-runtime:2.9.0] AndroidManifest.xml:56:13-77
277            android:exported="false" />
277-->[androidx.work:work-runtime:2.9.0] AndroidManifest.xml:57:13-37
278
279        <receiver
279-->[androidx.work:work-runtime:2.9.0] AndroidManifest.xml:61:9-66:35
280            android:name="androidx.work.impl.utils.ForceStopRunnable$BroadcastReceiver"
280-->[androidx.work:work-runtime:2.9.0] AndroidManifest.xml:62:13-88
281            android:directBootAware="false"
281-->[androidx.work:work-runtime:2.9.0] AndroidManifest.xml:63:13-44
282            android:enabled="true"
282-->[androidx.work:work-runtime:2.9.0] AndroidManifest.xml:64:13-35
283            android:exported="false" />
283-->[androidx.work:work-runtime:2.9.0] AndroidManifest.xml:65:13-37
284        <receiver
284-->[androidx.work:work-runtime:2.9.0] AndroidManifest.xml:67:9-77:20
285            android:name="androidx.work.impl.background.systemalarm.ConstraintProxy$BatteryChargingProxy"
285-->[androidx.work:work-runtime:2.9.0] AndroidManifest.xml:68:13-106
286            android:directBootAware="false"